<?xml version="1.0" encoding="UTF-8"?>
<testng-results skipped="0" failed="0" ignored="0" total="1" passed="1">
  <reporter-output>
    <line>
      <![CDATA[Hello]]>
    </line>
  </reporter-output>
  <suite name="Surefire suite" duration-ms="469" started-at="2022-06-01T06:55:08Z" finished-at="2022-06-01T06:55:08Z">
    <groups>
    </groups>
    <test name="Surefire test" duration-ms="469" started-at="2022-06-01T06:55:08Z" finished-at="2022-06-01T06:55:08Z">
      <class name="com.testing.Practice.Practicepgm2">
        <test-method status="PASS" signature="practicepgm2()[pri:0, instance:com.testing.Practice.Practicepgm2@590c73d3]" name="practicepgm2" duration-ms="147" started-at="2022-06-01T06:55:08Z" finished-at="2022-06-01T06:55:08Z">
          <reporter-output>
            <line>
              <![CDATA[Hello]]>
            </line>
          </reporter-output>
        </test-method> <!-- practicepgm2 -->
      </class> <!-- com.testing.Practice.Practicepgm2 -->
    </test> <!-- Surefire test -->
  </suite> <!-- Surefire suite -->
</testng-results>
